lumennui-ui/android/app/build/outputs/mapping/release/mapping.txt
# compiler: R8
# compiler_version: 1.4.94
# min_api: 16
com.lumennui.MainActivity -> com.lumennui.MainActivity:
    com.facebook.react.ReactActivityDelegate createReactActivityDelegate() -> m
    java.lang.String getMainComponentName() -> n
com.lumennui.MainActivity$1 -> com.lumennui.a:
    com.lumennui.MainActivity this$0 -> f
    com.facebook.react.ReactRootView createRootView() -> a
com.lumennui.MainApplication -> com.lumennui.MainApplication:
    com.facebook.react.ReactNativeHost mReactNativeHost -> a
    com.facebook.react.ReactNativeHost getReactNativeHost() -> a
    void initializeFlipper(android.content.Context) -> a
com.lumennui.MainApplication$1 -> com.lumennui.b:
    com.lumennui.MainApplication this$0 -> c
    java.lang.String getJSMainModuleName() -> e
    java.util.List getPackages() -> g
    boolean getUseDeveloperSupport() -> k
...
com.facebook.imagepipeline.producers.ThrottlingProducer$1 -> c.b.j.n.Ca:
com.facebook.imagepipeline.producers.ThrottlingProducer$ThrottlerConsumer -> c.b.j.n.Ea$a:
    com.facebook.imagepipeline.producers.ThrottlingProducer this$0 -> c
    void onCancellationImpl() -> b
    void onFailureImpl(java.lang.Throwable) -> b
    void onNewResultImpl(java.lang.Object,int) -> b
    void onRequestFinished() -> d
com.facebook.imagepipeline.producers.ThrottlingProducer$ThrottlerConsumer$1 -> c.b.j.n.Da:
    android.util.Pair val$nextRequestPair -> a
    com.facebook.imagepipeline.producers.ThrottlingProducer$ThrottlerConsumer this$1 -> b
com.facebook.imagepipeline.producers.ThumbnailBranchProducer -> c.b.j.n.Fa:
    com.facebook.imagepipeline.producers.ThumbnailProducer[] mThumbnailProducers -> a
    boolean access$000(com.facebook.imagepipeline.producers.ThumbnailBranchProducer,int,com.facebook.imagepipeline.producers.Consumer,com.facebook.imagepipeline.producers.ProducerContext) -> a
    int findFirstProducerForSize(int,com.facebook.imagepipeline.common.ResizeOptions) -> a
    void produceResults(com.facebook.imagepipeline.producers.Consumer,com.facebook.imagepipeline.producers.ProducerContext) -> a
    boolean produceResultsFromThumbnailProducer(int,com.facebook.imagepipeline.producers.Consumer,com.facebook.imagepipeline.producers.ProducerContext) -> a
com.facebook.imagepipeline.producers.ThumbnailBranchProducer$ThumbnailConsumer -> c.b.j.n.Fa$a:
    com.facebook.imagepipeline.producers.ThumbnailBranchProducer this$0 -> f
    com.facebook.imagepipeline.producers.ProducerContext mProducerContext -> c
    int mProducerIndex -> d
    com.facebook.imagepipeline.common.ResizeOptions mResizeOptions -> e
    void onNewResultImpl(com.facebook.imagepipeline.image.EncodedImage,int) -> a
    void onFailureImpl(java.lang.Throwable) -> b
    void onNewResultImpl(java.lang.Object,int) -> b
com.facebook.imagepipeline.producers.ThumbnailProducer -> c.b.j.n.Ga:
    boolean canProvideImageForSize(com.facebook.imagepipeline.common.ResizeOptions) -> a
com.facebook.imagepipeline.producers.ThumbnailSizeChecker -> c.b.j.n.Ha:
    int getAcceptableSize(int) -> a
    boolean isImageBigEnough(int,int,com.facebook.imagepipeline.common.ResizeOptions) -> a
    boolean isImageBigEnough(com.facebook.imagepipeline.image.EncodedImage,com.facebook.imagepipeline.common.ResizeOptions) -> a
com.facebook.imagepipeline.producers.WebpTranscodeProducer -> c.b.j.n.Ja:
    com.facebook.imagepipeline.producers.Producer mInputProducer -> c
    java.util.concurrent.Executor mExecutor -> a
    com.facebook.common.memory.PooledByteBufferFactory mPooledByteBufferFactory -> b
    com.facebook.common.util.TriState access$000(com.facebook.imagepipeline.image.EncodedImage) -> a
    void access$100(com.facebook.imagepipeline.producers.WebpTranscodeProducer,com.facebook.imagepipeline.image.EncodedImage,com.facebook.imagepipeline.producers.Consumer,com.facebook.imagepipeline.producers.ProducerContext) -> a
    com.facebook.common.memory.PooledByteBufferFactory access$200(com.facebook.imagepipeline.producers.WebpTranscodeProducer) -> a
    void access$300(com.facebook.imagepipeline.image.EncodedImage,com.facebook.common.memory.PooledByteBufferOutputStream) -> a
    void produceResults(com.facebook.imagepipeline.producers.Consumer,com.facebook.imagepipeline.producers.ProducerContext) -> a
    void transcodeLastResult(com.facebook.imagepipeline.image.EncodedImage,com.facebook.imagepipeline.producers.Consumer,com.facebook.imagepipeline.producers.ProducerContext) -> a
    void doTranscode(com.facebook.imagepipeline.image.EncodedImage,com.facebook.common.memory.PooledByteBufferOutputStream) -> b
    com.facebook.common.util.TriState shouldTranscode(com.facebook.imagepipeline.image.EncodedImage) -> b